<?xml version="1.0" encoding="UTF-8"?>
<coverage generated="1666238053553" clover="3.2.0">
  <project timestamp="1666238053553" name="All files">
    <metrics statements="19" coveredstatements="12" conditionals="11" coveredconditionals="3" methods="6" coveredmethods="5" elements="36" coveredelements="20" complexity="0" loc="19" ncloc="19" packages="1" files="4" classes="4"/>
    <file name="arrayClone.js" path="C:\React\TDD-with-Jest\js\arrayClone.js">
      <metrics statements="2" coveredstatements="2" conditionals="0" coveredconditionals="0" methods="1" coveredmethods="1"/>
      <line num="2" count="1" type="stmt"/>
      <line num="4" count="1" type="stmt"/>
    </file>
    <file name="fibonanci.js" path="C:\React\TDD-with-Jest\js\fibonanci.js">
      <metrics statements="6" coveredstatements="5" conditionals="2" coveredconditionals="1" methods="2" coveredmethods="2"/>
      <line num="2" count="2" type="cond" truecount="1" falsecount="1"/>
      <line num="4" count="0" type="stmt"/>
      <line num="8" count="1" type="stmt"/>
      <line num="10" count="1" type="stmt"/>
      <line num="12" count="1" type="stmt"/>
      <line num="14" count="1" type="stmt"/>
    </file>
    <file name="pascal.js" path="C:\React\TDD-with-Jest\js\pascal.js">
      <metrics statements="9" coveredstatements="3" conditionals="9" coveredconditionals="2" methods="2" coveredmethods="1"/>
      <line num="3" count="0" type="cond" truecount="0" falsecount="5"/>
      <line num="5" count="0" type="stmt"/>
      <line num="9" count="1" type="cond" truecount="2" falsecount="2"/>
      <line num="10" count="1" type="stmt"/>
      <line num="12" count="0" type="stmt"/>
      <line num="13" count="0" type="stmt"/>
      <line num="14" count="0" type="stmt"/>
      <line num="16" count="0" type="stmt"/>
      <line num="18" count="1" type="stmt"/>
    </file>
    <file name="sum.js" path="C:\React\TDD-with-Jest\js\sum.js">
      <metrics statements="2" coveredstatements="2" conditionals="0" coveredconditionals="0" methods="1" coveredmethods="1"/>
      <line num="2" count="1" type="stmt"/>
      <line num="5" count="1" type="stmt"/>
    </file>
  </project>
</coverage>
