{"C:\\React\\TDD-with-Jest\\js\\arrayClone.js": {"path":"C:\\React\\TDD-with-Jest\\js\\arrayClone.js","statementMap":{"0":{"start":{"line":2,"column":4},"end":{"line":2,"column":21}},"1":{"start":{"line":4,"column":0},"end":{"line":4,"column":29}}},"fnMap":{"0":{"name":"arrayClone","decl":{"start":{"line":1,"column":9},"end":{"line":1,"column":19}},"loc":{"start":{"line":1,"column":27},"end":{"line":3,"column":1}},"line":1}},"branchMap":{},"s":{"0":1,"1":1},"f":{"0":1},"b":{},"_coverageSchema":"1a1c01bbd47fc00a2c39e90264f33305004495a9","hash":"bbf1e645529fc89f194283b4b7f710b882f6b309"}
,"C:\\React\\TDD-with-Jest\\js\\fibonanci.js": {"path":"C:\\React\\TDD-with-Jest\\js\\fibonanci.js","statementMap":{"0":{"start":{"line":2,"column":2},"end":{"line":2,"column":23}},"1":{"start":{"line":2,"column":14},"end":{"line":2,"column":23}},"2":{"start":{"line":4,"column":2},"end":{"line":4,"column":41}},"3":{"start":{"line":8,"column":10},"end":{"line":8,"column":11}},"4":{"start":{"line":10,"column":2},"end":{"line":10,"column":36}},"5":{"start":{"line":10,"column":32},"end":{"line":10,"column":35}},"6":{"start":{"line":12,"column":2},"end":{"line":12,"column":34}},"7":{"start":{"line":14,"column":1},"end":{"line":14,"column":34}}},"fnMap":{"0":{"name":"Fibonacci","decl":{"start":{"line":1,"column":9},"end":{"line":1,"column":18}},"loc":{"start":{"line":1,"column":22},"end":{"line":5,"column":1}},"line":1},"1":{"name":"checkFibonacci","decl":{"start":{"line":7,"column":9},"end":{"line":7,"column":23}},"loc":{"start":{"line":7,"column":32},"end":{"line":13,"column":1}},"line":7}},"branchMap":{"0":{"loc":{"start":{"line":2,"column":2},"end":{"line":2,"column":23}},"type":"if","locations":[{"start":{"line":2,"column":2},"end":{"line":2,"column":23}},{"start":{},"end":{}}],"line":2}},"s":{"0":2,"1":2,"2":0,"3":1,"4":1,"5":0,"6":1,"7":1},"f":{"0":2,"1":1},"b":{"0":[2,0]},"_coverageSchema":"1a1c01bbd47fc00a2c39e90264f33305004495a9","hash":"c2f7a5892c7373fe0eacbe2a9a5f88fe7685fe16"}
,"C:\\React\\TDD-with-Jest\\js\\pascal.js": {"path":"C:\\React\\TDD-with-Jest\\js\\pascal.js","statementMap":{"0":{"start":{"line":3,"column":2},"end":{"line":3,"column":41}},"1":{"start":{"line":3,"column":33},"end":{"line":3,"column":41}},"2":{"start":{"line":5,"column":2},"end":{"line":5,"column":59}},"3":{"start":{"line":9,"column":16},"end":{"line":9,"column":18}},"4":{"start":{"line":10,"column":8},"end":{"line":12,"column":9}},"5":{"start":{"line":10,"column":20},"end":{"line":10,"column":21}},"6":{"start":{"line":11,"column":12},"end":{"line":11,"column":43}},"7":{"start":{"line":13,"column":2},"end":{"line":13,"column":16}},"8":{"start":{"line":15,"column":0},"end":{"line":15,"column":34}}},"fnMap":{"0":{"name":"Combination","decl":{"start":{"line":1,"column":9},"end":{"line":1,"column":20}},"loc":{"start":{"line":1,"column":27},"end":{"line":6,"column":1}},"line":1},"1":{"name":"PascalRectangle","decl":{"start":{"line":8,"column":9},"end":{"line":8,"column":24}},"loc":{"start":{"line":8,"column":28},"end":{"line":14,"column":1}},"line":8}},"branchMap":{"0":{"loc":{"start":{"line":3,"column":2},"end":{"line":3,"column":41}},"type":"if","locations":[{"start":{"line":3,"column":2},"end":{"line":3,"column":41}},{"start":{},"end":{}}],"line":3},"1":{"loc":{"start":{"line":3,"column":5},"end":{"line":3,"column":31}},"type":"binary-expr","locations":[{"start":{"line":3,"column":5},"end":{"line":3,"column":11}},{"start":{"line":3,"column":15},"end":{"line":3,"column":21}},{"start":{"line":3,"column":25},"end":{"line":3,"column":31}}],"line":3}},"s":{"0":58,"1":32,"2":26,"3":1,"4":1,"5":1,"6":6,"7":1,"8":1},"f":{"0":58,"1":1},"b":{"0":[32,26],"1":[58,42,26]},"_coverageSchema":"1a1c01bbd47fc00a2c39e90264f33305004495a9","hash":"06eda76a00188b8ed5514a432fc5181a7e2b14a7"}
,"C:\\React\\TDD-with-Jest\\js\\sum.js": {"path":"C:\\React\\TDD-with-Jest\\js\\sum.js","statementMap":{"0":{"start":{"line":2,"column":4},"end":{"line":2,"column":17}},"1":{"start":{"line":5,"column":0},"end":{"line":5,"column":22}}},"fnMap":{"0":{"name":"sum","decl":{"start":{"line":1,"column":9},"end":{"line":1,"column":12}},"loc":{"start":{"line":1,"column":18},"end":{"line":3,"column":1}},"line":1}},"branchMap":{},"s":{"0":1,"1":1},"f":{"0":1},"b":{},"_coverageSchema":"1a1c01bbd47fc00a2c39e90264f33305004495a9","hash":"81d3d144b12ccc659bff7a137a023e5470f7ee5a"}
}
