TN:
SF:js\arrayClone.js
FN:1,arrayClone
FNF:1
FNH:1
FNDA:1,arrayClone
DA:2,1
DA:4,1
LF:2
LH:2
BRF:0
BRH:0
end_of_record
TN:
SF:js\fibonanci.js
FN:1,Fibonacci
FN:7,checkFibonacci
FNF:2
FNH:2
FNDA:2,Fibonacci
FNDA:1,checkFibonacci
DA:2,2
DA:4,0
DA:8,1
DA:10,1
DA:12,1
DA:14,1
LF:6
LH:5
BRDA:2,0,0,2
BRDA:2,0,1,0
BRF:2
BRH:1
end_of_record
TN:
SF:js\pascal.js
FN:1,Combination
FN:8,PascalRectangle
FNF:2
FNH:1
FNDA:0,Combination
FNDA:1,PascalRectangle
DA:3,0
DA:5,0
DA:9,1
DA:10,1
DA:12,0
DA:13,0
DA:14,0
DA:16,0
DA:18,1
LF:9
LH:3
BRDA:3,0,0,0
BRDA:3,0,1,0
BRDA:3,1,0,0
BRDA:3,1,1,0
BRDA:3,1,2,0
BRDA:9,2,0,1
BRDA:9,2,1,0
BRDA:9,3,0,1
BRDA:9,3,1,0
BRF:9
BRH:2
end_of_record
TN:
SF:js\sum.js
FN:1,sum
FNF:1
FNH:1
FNDA:1,sum
DA:2,1
DA:5,1
LF:2
LH:2
BRF:0
BRH:0
end_of_record
